
> @ben1000240/instantlyanalyze-components@0.1.0 build
> npx tsc && webpack --mode development

asset [1m[32mindex.js[39m[22m 4.37 MiB [1m[33m[compared for emit][39m[22m (name: main)
orphan modules 1.75 MiB [1m[33m[orphan][39m[22m 713 modules
runtime modules 2.48 KiB 7 modules
built modules 2.44 MiB [1m[33m[built][39m[22m
  modules by path [1m./node_modules/[39m[22m 1.86 MiB 344 modules
  modules by path [1m./src/[39m[22m 419 KiB 90 modules
  asset modules 179 KiB
    [1mdata:font/woff2;base64,d09GMgABAAAAAEE8..[39m[22m 21.9 KiB [1m[33m[built][39m[22m [1m[33m[code generated][39m[22m
    + 7 modules
  modules by path [1mexternal "@cloudscape-design/[39m[22m 84 bytes
    [1mexternal "@cloudscape-design/global-styles"[39m[22m 42 bytes [1m[33m[built][39m[22m [1m[33m[code generated][39m[22m
    [1mexternal "@cloudscape-design/components"[39m[22m 42 bytes [1m[33m[built][39m[22m [1m[33m[code generated][39m[22m
  modules by path [1mexternal "@emotion/[39m[22m 84 bytes
    [1mexternal "@emotion/react"[39m[22m 42 bytes [1m[33m[built][39m[22m [1m[33m[code generated][39m[22m
    [1mexternal "@emotion/styled"[39m[22m 42 bytes [1m[33m[built][39m[22m [1m[33m[code generated][39m[22m
  + 6 modules

[1mLOG from ./node_modules/sass-loader/dist/cjs.js sass-loader ./node_modules/css-loader/dist/cjs.js!./node_modules/sass-loader/dist/cjs.js!./src/components/Calculator/CalculatorExpenses.scss[39m[22m
<w> [1m[33mDeprecation The legacy JS API is deprecated and will be removed in Dart Sass 2.0.0.[39m[22m
<w> [1m[33m[39m[22m
<w> [1m[33mMore info: https://sass-lang.com/d/legacy-js-api[39m[22m
<w> [1m[33m[39m[22m
<w> [1m[33mnull[39m[22m
<w> [1m[33mDeprecation Sass @import rules are deprecated and will be removed in Dart Sass 3.0.0.[39m[22m
<w> [1m[33m[39m[22m
<w> [1m[33mMore info and automated migrator: https://sass-lang.com/d/import[39m[22m
<w> [1m[33m[39m[22m
<w> [1m[33msrc\components\Calculator\CalculatorExpenses.scss 3:9  root stylesheet[39m[22m
<w> [1m[33m[39m[22m

webpack 5.99.9 compiled [1m[32msuccessfully[39m[22m in 8499 ms
